Date and time: 2023-04-05 12:40:50.333445
File transfer to 25 clients successful.
File name: file_250MB
File size: 250014238 bytes
Transfer times:
Client 1: 3.8801372051239014 seconds	Successful?:True
Client 2: 3.8701350688934326 seconds	Successful?:True
Client 3: 3.865694761276245 seconds	Successful?:True
Client 4: 3.872357130050659 seconds	Successful?:True
Client 5: 3.890876293182373 seconds	Successful?:True
Client 6: 3.828500986099243 seconds	Successful?:True
Client 7: 3.8065898418426514 seconds	Successful?:True
Client 8: 3.8520290851593018 seconds	Successful?:True
Client 9: 3.897252082824707 seconds	Successful?:True
Client 10: 3.8658502101898193 seconds	Successful?:True
Client 11: 3.8812978267669678 seconds	Successful?:True
Client 12: 3.832777261734009 seconds	Successful?:True
Client 13: 3.891849994659424 seconds	Successful?:True
Client 14: 3.862412929534912 seconds	Successful?:True
Client 15: 3.865077018737793 seconds	Successful?:True
Client 16: 3.8666763305664062 seconds	Successful?:True
Client 17: 3.8615212440490723 seconds	Successful?:True
Client 18: 3.9142401218414307 seconds	Successful?:True
Client 19: 3.859144926071167 seconds	Successful?:True
Client 20: 3.8520450592041016 seconds	Successful?:True
Client 21: 3.852440118789673 seconds	Successful?:True
Client 22: 3.874788284301758 seconds	Successful?:True
Client 23: 3.850170135498047 seconds	Successful?:True
Client 24: 3.863755941390991 seconds	Successful?:True
Client 25: 3.8518640995025635 seconds	Successful?:True
